{"C:\\Middleware Transformation\\SPRINTS\\SPRINT 1\\MCT-50\\BusinessValidatorService\\api-operations\\business-validator\\unit-test\\BusinessValidatorApiTest.js":{"path":"C:\\Middleware Transformation\\SPRINTS\\SPRINT 1\\MCT-50\\BusinessValidatorService\\api-operations\\business-validator\\unit-test\\BusinessValidatorApiTest.js","s":{"1":1,"2":1,"3":1,"4":1,"5":0,"6":0,"7":0,"8":0,"9":0,"10":0},"b":{},"f":{},"fnMap":{},"statementMap":{"1":{"start":{"line":1,"column":0},"end":{"line":1,"column":36}},"2":{"start":{"line":2,"column":0},"end":{"line":2,"column":41}},"3":{"start":{"line":3,"column":0},"end":{"line":3,"column":62}},"4":{"start":{"line":5,"column":0},"end":{"line":50,"column":3}},"5":{"start":{"line":6,"column":4},"end":{"line":24,"column":7}},"6":{"start":{"line":7,"column":8},"end":{"line":18,"column":10}},"7":{"start":{"line":19,"column":8},"end":{"line":23,"column":11}},"8":{"start":{"line":20,"column":12},"end":{"line":20,"column":33}},"9":{"start":{"line":21,"column":12},"end":{"line":21,"column":78}},"10":{"start":{"line":22,"column":12},"end":{"line":22,"column":61}}},"branchMap":{}}}